<?xml version="1.0" encoding="UTF-8"?>
<!-- Generated by org.testng.reporters.JUnitXMLReporter -->
<testsuite ignored="0" hostname="Vishnus-MacBook-Air.local" failures="1" tests="3" name="Test" time="156.667" errors="0" timestamp="2021-12-30T14:14:48 IST">
  <testcase classname="com.qa.tests.LoginTests" name="invalidPassword" time="29.726"/>
  <testcase classname="com.qa.tests.LoginTests" name="invalidUserName" time="44.145"/>
  <testcase classname="com.qa.tests.LoginTests" name="successfulLogin" time="46.143">
    <failure type="java.lang.AssertionError" message="expected [PRODUCTStesr] but found [PRODUCTS]">
      <![CDATA[java.lang.AssertionError: expected [PRODUCTStesr] but found [PRODUCTS]
at com.qa.tests.LoginTests.successfulLogin(LoginTests.java:112)
at java.base/java.util.ArrayList.forEach(ArrayList.java:1511)
... Removed 33 stack frames]]>
    </failure>
  </testcase> <!-- successfulLogin -->
</testsuite> <!-- Test -->
